// 重构日志: d6994b6c
// 重构日志: d4d35306
// 重构日志: 1cb8e1e3
// 重构日志: c121c98a
// 重构日志: 2c9e7edb
// 重构日志: 70babe74
// 重构日志: a151eac6
// 同步 ID: fd134fb7 @ Tue Jun 30 02:38:31 UTC 2026
// 重构日志: 1844e001
// 重构日志: 08b86ec1
// 重构日志: 7474926b
// 同步 ID: fb9b4bce @ Fri Jul  3 01:30:47 UTC 2026
// 同步 ID: 0548ac25 @ Fri Jul  3 14:13:00 UTC 2026
// 同步 ID: f3aae120 @ Fri Jul  3 17:51:04 UTC 2026
// 同步 ID: 0450244a @ Sat Jul  4 06:07:47 UTC 2026
// 重构日志: 8c79cdfe
// 重构日志: 64823b06
// 重构日志: bcfe43ed
// 重构日志: a821292a
// 重构日志: 7e55c544
// 同步 ID: c6416ef0 @ Wed Jul  8 02:11:04 UTC 2026
// 重构日志: 7aa72379
// 重构日志: db5ed90b
// 重构日志: 6d59da65
// 重构日志: 58844579
// 重构日志: 02ceef44
// 同步 ID: ce50250c @ Fri Jul 10 05:57:51 UTC 2026
// 重构日志: cbf39827
// 重构日志: 684cf9b6
// 同步 ID: 5b1f3953 @ Sat Jul 11 12:54:19 UTC 2026
